0 info it worked if it ends with ok
1 verbose cli [ 'B:\\Program Files\\Node.js\\node.exe',
1 verbose cli   'B:\\Program Files\\Node.js\\node_modules\\npm\\bin\\npm-cli.js',
1 verbose cli   'start' ]
2 info using npm@3.10.10
3 info using node@v6.9.4
4 verbose stack Error: ENOENT: no such file or directory, open 'E:\Users\James\Web Dev\Projects\htdocs\developer-exercise\package.json'
4 verbose stack     at Error (native)
5 verbose cwd E:\Users\James\Web Dev\Projects\htdocs\developer-exercise
6 error Windows_NT 10.0.14393
7 error argv "B:\\Program Files\\Node.js\\node.exe" "B:\\Program Files\\Node.js\\node_modules\\npm\\bin\\npm-cli.js" "start"
8 error node v6.9.4
9 error npm  v3.10.10
10 error path E:\Users\James\Web Dev\Projects\htdocs\developer-exercise\package.json
11 error code ENOENT
12 error errno -4058
13 error syscall open
14 error enoent ENOENT: no such file or directory, open 'E:\Users\James\Web Dev\Projects\htdocs\developer-exercise\package.json'
15 error enoent ENOENT: no such file or directory, open 'E:\Users\James\Web Dev\Projects\htdocs\developer-exercise\package.json'
15 error enoent This is most likely not a problem with npm itself
15 error enoent and is related to npm not being able to find a file.
16 verbose exit [ -4058, true ]
